app/build/intermediates/manifest_merge_blame_file/release/processReleaseMainManifest/manifest-merger-blame-release-report.txt
1<?xml version="1.0" encoding="utf-8"?>
2<manifest xmlns:android="http://schemas.android.com/apk/res/android"
3    package="com.fixer.app"
4    android:versionCode="1"
5    android:versionName="1.0" >
6
7    <uses-sdk
8        android:minSdkVersion="26"
9        android:targetSdkVersion="35" />
10    <!-- Permission to use the device camera -->
11    <uses-feature
11-->src\main\AndroidManifest.xml:5:5-7:36
12        android:name="android.hardware.camera"
12-->src\main\AndroidManifest.xml:6:9-47
13        android:required="false" />
13-->src\main\AndroidManifest.xml:7:9-33
14
15    <uses-permission android:name="android.permission.CAMERA" /> <!-- Permission to read from external storage (for gallery access) -->
15-->src\main\AndroidManifest.xml:9:5-65
15-->src\main\AndroidManifest.xml:9:22-62
16    <uses-permission
16-->src\main\AndroidManifest.xml:10:5-12:38
17        android:name="android.permission.READ_EXTERNAL_STORAGE"
17-->src\main\AndroidManifest.xml:11:9-64
18        android:maxSdkVersion="32" /> <!-- Optional: If you plan to save photos to storage -->
18-->src\main\AndroidManifest.xml:12:9-35
19    <uses-permission
19-->src\main\AndroidManifest.xml:13:5-15:38
20        android:name="android.permission.WRITE_EXTERNAL_STORAGE"
20-->src\main\AndroidManifest.xml:14:9-65
21        android:maxSdkVersion="28" /> <!-- WRITE is only needed for Android 9 and below -->
21-->src\main\AndroidManifest.xml:15:9-35
22    <uses-permission android:name="android.permission.READ_MEDIA_IMAGES" />
22-->src\main\AndroidManifest.xml:16:5-76
22-->src\main\AndroidManifest.xml:16:22-73
23    <uses-permission android:name="android.permission.INTERNET" />
23-->src\main\AndroidManifest.xml:17:5-67
23-->src\main\AndroidManifest.xml:17:22-64
24    <uses-permission android:name="android.permission.POST_NOTIFICATIONS" />
24-->src\main\AndroidManifest.xml:19:5-76
24-->src\main\AndroidManifest.xml:19:22-74
25    <uses-permission android:name="android.permission.VIBRATE" />
25-->src\main\AndroidManifest.xml:20:5-65
25-->src\main\AndroidManifest.xml:20:22-63
26    <uses-permission android:name="android.permission.ACCESS_NETWORK_STATE" />
26-->[com.google.firebase:firebase-messaging:25.0.1] AndroidManifest.xml:22:5-79
26-->[com.google.firebase:firebase-messaging:25.0.1] AndroidManifest.xml:22:22-76
27    <uses-permission android:name="android.permission.WAKE_LOCK" /> <!-- Required by older versions of Google Play services to create IID tokens -->
27-->[com.google.firebase:firebase-messaging:25.0.1] AndroidManifest.xml:24:5-68
27-->[com.google.firebase:firebase-messaging:25.0.1] AndroidManifest.xml:24:22-65
28    <uses-permission android:name="com.google.android.c2dm.permission.RECEIVE" />
28-->[com.google.firebase:firebase-messaging:25.0.1] AndroidManifest.xml:26:5-82
28-->[com.google.firebase:firebase-messaging:25.0.1] AndroidManifest.xml:26:22-79
29    <uses-permission android:name="android.permission.USE_BIOMETRIC" /> <!-- suppress DeprecatedClassUsageInspection -->
29-->[androidx.biometric:biometric:1.1.0] AndroidManifest.xml:24:5-72
29-->[androidx.biometric:biometric:1.1.0] AndroidManifest.xml:24:22-69
30    <uses-permission android:name="android.permission.USE_FINGERPRINT" />
30-->[androidx.biometric:biometric:1.1.0] AndroidManifest.xml:27:5-74
30-->[androidx.biometric:biometric:1.1.0] AndroidManifest.xml:27:22-71
31    <uses-permission android:name="com.google.android.gms.permission.AD_ID" />
31-->[com.google.android.gms:play-services-measurement-api:23.0.0] AndroidManifest.xml:25:5-79
31-->[com.google.android.gms:play-services-measurement-api:23.0.0] AndroidManifest.xml:25:22-76
32    <uses-permission android:name="android.permission.ACCESS_ADSERVICES_ATTRIBUTION" />
32-->[com.google.android.gms:play-services-measurement-api:23.0.0] AndroidManifest.xml:26:5-88
32-->[com.google.android.gms:play-services-measurement-api:23.0.0] AndroidManifest.xml:26:22-85
33    <uses-permission android:name="android.permission.ACCESS_ADSERVICES_AD_ID" />
33-->[com.google.android.gms:play-services-measurement-api:23.0.0] AndroidManifest.xml:27:5-82
33-->[com.google.android.gms:play-services-measurement-api:23.0.0] AndroidManifest.xml:27:22-79
34    <uses-permission android:name="com.google.android.finsky.permission.BIND_GET_INSTALL_REFERRER_SERVICE" />
34-->[com.google.android.gms:play-services-measurement:23.0.0] AndroidManifest.xml:26:5-110
34-->[com.google.android.gms:play-services-measurement:23.0.0] AndroidManifest.xml:26:22-107
35    <uses-permission android:name="com.google.android.providers.gsf.permission.READ_GSERVICES" />
35-->[com.google.android.recaptcha:recaptcha:18.6.1] AndroidManifest.xml:9:5-98
35-->[com.google.android.recaptcha:recaptcha:18.6.1] AndroidManifest.xml:9:22-95
36
37    <permission
37-->[androidx.core:core:1.15.0] AndroidManifest.xml:22:5-24:47
38        android:name="com.fixer.app.DYNAMIC_RECEIVER_NOT_EXPORTED_PERMISSION"
38-->[androidx.core:core:1.15.0] AndroidManifest.xml:23:9-81
39        android:protectionLevel="signature" />
39-->[androidx.core:core:1.15.0] AndroidManifest.xml:24:9-44
40
41    <uses-permission android:name="com.fixer.app.DYNAMIC_RECEIVER_NOT_EXPORTED_PERMISSION" />
41-->[androidx.core:core:1.15.0] AndroidManifest.xml:26:5-97
41-->[androidx.core:core:1.15.0] AndroidManifest.xml:26:22-94
42
43    <application
43-->src\main\AndroidManifest.xml:22:5-115:19
44        android:allowBackup="true"
44-->src\main\AndroidManifest.xml:23:9-35
45        android:appComponentFactory="androidx.core.app.CoreComponentFactory"
45-->[androidx.core:core:1.15.0] AndroidManifest.xml:28:18-86
46        android:dataExtractionRules="@xml/data_extraction_rules"
46-->src\main\AndroidManifest.xml:24:9-65
47        android:extractNativeLibs="false"
48        android:fullBackupContent="@xml/backup_rules"
48-->src\main\AndroidManifest.xml:25:9-54
49        android:icon="@mipmap/ic_launcher"
49-->src\main\AndroidManifest.xml:26:9-43
50        android:label="@string/app_name"
50-->src\main\AndroidManifest.xml:27:9-41
51        android:roundIcon="@mipmap/ic_launcher_round"
51-->src\main\AndroidManifest.xml:28:9-54
52        android:supportsRtl="true"
52-->src\main\AndroidManifest.xml:29:9-35
53        android:theme="@style/Theme.FIXER" >
53-->src\main\AndroidManifest.xml:30:9-43
54        <activity
54-->src\main\AndroidManifest.xml:32:9-34:40
55            android:name="com.fixer.app.TechnicianDashboardActivity"
55-->src\main\AndroidManifest.xml:33:13-56
56            android:exported="false" />
56-->src\main\AndroidManifest.xml:34:13-37
57        <activity
57-->src\main\AndroidManifest.xml:35:9-37:40
58            android:name="com.fixer.app.TermsAndConditionsActivity"
58-->src\main\AndroidManifest.xml:36:13-55
59            android:exported="false" />
59-->src\main\AndroidManifest.xml:37:13-37
60
61        <provider
62            android:name="androidx.core.content.FileProvider"
62-->src\main\AndroidManifest.xml:40:13-62
63            android:authorities="com.fixer.app.provider"
63-->src\main\AndroidManifest.xml:41:13-60
64            android:exported="false"
64-->src\main\AndroidManifest.xml:42:13-37
65            android:grantUriPermissions="true" >
65-->src\main\AndroidManifest.xml:43:13-47
66            <meta-data
66-->src\main\AndroidManifest.xml:44:13-46:54
67                android:name="android.support.FILE_PROVIDER_PATHS"
67-->src\main\AndroidManifest.xml:45:17-67
68                android:resource="@xml/file_paths" />
68-->src\main\AndroidManifest.xml:46:17-51
69        </provider>
70
71        <activity
71-->src\main\AndroidManifest.xml:49:9-51:40
72            android:name="com.fixer.app.ChatListActivity"
72-->src\main\AndroidManifest.xml:50:13-45
73            android:exported="false" />
73-->src\main\AndroidManifest.xml:51:13-37
74        <activity
74-->src\main\AndroidManifest.xml:52:9-55:58
75            android:name="com.fixer.app.ChatActivity"
75-->src\main\AndroidManifest.xml:53:13-41
76            android:exported="false"
76-->src\main\AndroidManifest.xml:54:13-37
77            android:windowSoftInputMode="adjustResize" />
77-->src\main\AndroidManifest.xml:55:13-55
78        <activity
78-->src\main\AndroidManifest.xml:56:9-58:40
79            android:name="com.fixer.app.ForgotPasswordActivity"
79-->src\main\AndroidManifest.xml:57:13-51
80            android:exported="false" />
80-->src\main\AndroidManifest.xml:58:13-37
81        <activity
81-->src\main\AndroidManifest.xml:59:9-61:40
82            android:name="com.fixer.app.CampusIssuesActivity"
82-->src\main\AndroidManifest.xml:60:13-49
83            android:exported="false" />
83-->src\main\AndroidManifest.xml:61:13-37
84        <activity
84-->src\main\AndroidManifest.xml:62:9-64:40
85            android:name="com.fixer.app.ProfileActivity"
85-->src\main\AndroidManifest.xml:63:13-44
86            android:exported="false" />
86-->src\main\AndroidManifest.xml:64:13-37
87        <activity
87-->src\main\AndroidManifest.xml:65:9-67:40
88            android:name="com.fixer.app.UserDashboardActivity"
88-->src\main\AndroidManifest.xml:66:13-50
89            android:exported="false" />
89-->src\main\AndroidManifest.xml:67:13-37
90        <activity
90-->src\main\AndroidManifest.xml:68:9-70:40
91            android:name="com.fixer.app.UserManagementActivity"
91-->src\main\AndroidManifest.xml:69:13-51
92            android:exported="false" />
92-->src\main\AndroidManifest.xml:70:13-37
93        <activity
93-->src\main\AndroidManifest.xml:71:9-73:40
94            android:name="com.fixer.app.ReportManagementActivity"
94-->src\main\AndroidManifest.xml:72:13-53
95            android:exported="false" />
95-->src\main\AndroidManifest.xml:73:13-37
96        <activity
96-->src\main\AndroidManifest.xml:74:9-76:40
97            android:name="com.fixer.app.Admin"
97-->src\main\AndroidManifest.xml:75:13-34
98            android:exported="false" />
98-->src\main\AndroidManifest.xml:76:13-37
99        <activity
99-->src\main\AndroidManifest.xml:77:9-85:20
100            android:name="com.fixer.app.SplashActivity"
100-->src\main\AndroidManifest.xml:78:13-43
101            android:exported="true" >
101-->src\main\AndroidManifest.xml:79:13-36
102            <intent-filter>
102-->src\main\AndroidManifest.xml:80:13-84:29
103                <action android:name="android.intent.action.MAIN" />
103-->src\main\AndroidManifest.xml:81:17-69
103-->src\main\AndroidManifest.xml:81:25-66
104
105                <category android:name="android.intent.category.LAUNCHER" />
105-->src\main\AndroidManifest.xml:83:17-77
105-->src\main\AndroidManifest.xml:83:27-74
106            </intent-filter>
107        </activity>
108        <activity
108-->src\main\AndroidManifest.xml:86:9-88:40
109            android:name="com.fixer.app.RequestAccessActivity"
109-->src\main\AndroidManifest.xml:87:13-50
110            android:exported="false" />
110-->src\main\AndroidManifest.xml:88:13-37
111        <activity
111-->src\main\AndroidManifest.xml:89:9-91:40
112            android:name="com.fixer.app.Login"
112-->src\main\AndroidManifest.xml:90:13-34
113            android:exported="false" />
113-->src\main\AndroidManifest.xml:91:13-37
114        <activity
114-->src\main\AndroidManifest.xml:92:9-94:40
115            android:name="com.fixer.app.MainActivity"
115-->src\main\AndroidManifest.xml:93:13-41
116            android:exported="false" />
116-->src\main\AndroidManifest.xml:94:13-37
117
118        <service
118-->src\main\AndroidManifest.xml:96:9-102:19
119            android:name="com.fixer.app.MyFirebaseMessagingService"
119-->src\main\AndroidManifest.xml:97:13-55
120            android:exported="false" >
120-->src\main\AndroidManifest.xml:98:13-37
121            <intent-filter>
121-->src\main\AndroidManifest.xml:99:13-101:29
122                <action android:name="com.google.firebase.MESSAGING_EVENT" />
122-->src\main\AndroidManifest.xml:100:17-78
122-->src\main\AndroidManifest.xml:100:25-75
123            </intent-filter>
124        </service>
125
126        <!-- Firebase Messaging Metadata -->
127        <meta-data
127-->src\main\AndroidManifest.xml:105:9-107:61
128            android:name="com.google.firebase.messaging.default_notification_icon"
128-->src\main\AndroidManifest.xml:106:13-83
129            android:resource="@drawable/ic_notifications" />
129-->src\main\AndroidManifest.xml:107:13-58
130        <meta-data
130-->src\main\AndroidManifest.xml:108:9-110:49
131            android:name="com.google.firebase.messaging.default_notification_color"
131-->src\main\AndroidManifest.xml:109:13-84
132            android:resource="@color/primary" />
132-->src\main\AndroidManifest.xml:110:13-46
133        <meta-data
133-->src\main\AndroidManifest.xml:111:9-113:51
134            android:name="com.google.firebase.messaging.default_notification_channel_id"
134-->src\main\AndroidManifest.xml:112:13-89
135            android:value="fixer_notifications" />
135-->src\main\AndroidManifest.xml:113:13-48
136
137        <receiver
137-->[com.google.firebase:firebase-messaging:25.0.1] AndroidManifest.xml:29:9-40:20
138            android:name="com.google.firebase.iid.FirebaseInstanceIdReceiver"
138-->[com.google.firebase:firebase-messaging:25.0.1] AndroidManifest.xml:30:13-78
139            android:exported="true"
139-->[com.google.firebase:firebase-messaging:25.0.1] AndroidManifest.xml:31:13-36
140            android:permission="com.google.android.c2dm.permission.SEND" >
140-->[com.google.firebase:firebase-messaging:25.0.1] AndroidManifest.xml:32:13-73
141            <intent-filter>
141-->[com.google.firebase:firebase-messaging:25.0.1] AndroidManifest.xml:33:13-35:29
142                <action android:name="com.google.android.c2dm.intent.RECEIVE" />
142-->[com.google.firebase:firebase-messaging:25.0.1] AndroidManifest.xml:34:17-81
142-->[com.google.firebase:firebase-messaging:25.0.1] AndroidManifest.xml:34:25-78
143            </intent-filter>
144
145            <meta-data
145-->[com.google.firebase:firebase-messaging:25.0.1] AndroidManifest.xml:37:13-39:40
146                android:name="com.google.android.gms.cloudmessaging.FINISHED_AFTER_HANDLED"
146-->[com.google.firebase:firebase-messaging:25.0.1] AndroidManifest.xml:38:17-92
147                android:value="true" />
147-->[com.google.firebase:firebase-messaging:25.0.1] AndroidManifest.xml:39:17-37
148        </receiver>
149        <!--
150             FirebaseMessagingService performs security checks at runtime,
151             but set to not exported to explicitly avoid allowing another app to call it.
152        -->
153        <service
153-->[com.google.firebase:firebase-messaging:25.0.1] AndroidManifest.xml:46:9-53:19
154            android:name="com.google.firebase.messaging.FirebaseMessagingService"
154-->[com.google.firebase:firebase-messaging:25.0.1] AndroidManifest.xml:47:13-82
155            android:directBootAware="true"
155-->[com.google.firebase:firebase-messaging:25.0.1] AndroidManifest.xml:48:13-43
156            android:exported="false" >
156-->[com.google.firebase:firebase-messaging:25.0.1] AndroidManifest.xml:49:13-37
157            <intent-filter android:priority="-500" >
157-->src\main\AndroidManifest.xml:99:13-101:29
158                <action android:name="com.google.firebase.MESSAGING_EVENT" />
158-->src\main\AndroidManifest.xml:100:17-78
158-->src\main\AndroidManifest.xml:100:25-75
159            </intent-filter>
160        </service>
161        <service
161-->[com.google.firebase:firebase-messaging:25.0.1] AndroidManifest.xml:54:9-63:19
162            android:name="com.google.firebase.components.ComponentDiscoveryService"
162-->[com.google.firebase:firebase-messaging:25.0.1] AndroidManifest.xml:55:13-84
163            android:directBootAware="true"
163-->[com.google.firebase:firebase-common:22.0.1] AndroidManifest.xml:32:13-43
164            android:exported="false" >
164-->[com.google.firebase:firebase-messaging:25.0.1] AndroidManifest.xml:56:13-37
165            <meta-data
165-->[com.google.firebase:firebase-messaging:25.0.1] AndroidManifest.xml:57:13-59:85
166                android:name="com.google.firebase.components:com.google.firebase.messaging.FirebaseMessagingKtxRegistrar"
166-->[com.google.firebase:firebase-messaging:25.0.1] AndroidManifest.xml:58:17-122
167                android:value="com.google.firebase.components.ComponentRegistrar" />
167-->[com.google.firebase:firebase-messaging:25.0.1] AndroidManifest.xml:59:17-82
168            <meta-data
168-->[com.google.firebase:firebase-messaging:25.0.1] AndroidManifest.xml:60:13-62:85
169                android:name="com.google.firebase.components:com.google.firebase.messaging.FirebaseMessagingRegistrar"
169-->[com.google.firebase:firebase-messaging:25.0.1] AndroidManifest.xml:61:17-119
170                android:value="com.google.firebase.components.ComponentRegistrar" />
170-->[com.google.firebase:firebase-messaging:25.0.1] AndroidManifest.xml:62:17-82
171            <meta-data
171-->[com.google.firebase:firebase-auth:23.2.1] AndroidManifest.xml:69:13-71:85
172                android:name="com.google.firebase.components:com.google.firebase.auth.FirebaseAuthRegistrar"
172-->[com.google.firebase:firebase-auth:23.2.1] AndroidManifest.xml:70:17-109
173                android:value="com.google.firebase.components.ComponentRegistrar" />
173-->[com.google.firebase:firebase-auth:23.2.1] AndroidManifest.xml:71:17-82
174            <meta-data
174-->[com.google.firebase:firebase-database:21.0.0] AndroidManifest.xml:29:13-31:85
175                android:name="com.google.firebase.components:com.google.firebase.database.FirebaseDatabaseKtxRegistrar"
175-->[com.google.firebase:firebase-database:21.0.0] AndroidManifest.xml:30:17-120
176                android:value="com.google.firebase.components.ComponentRegistrar" />
176-->[com.google.firebase:firebase-database:21.0.0] AndroidManifest.xml:31:17-82
177            <meta-data
177-->[com.google.firebase:firebase-database:21.0.0] AndroidManifest.xml:32:13-34:85
178                android:name="com.google.firebase.components:com.google.firebase.database.DatabaseRegistrar"
178-->[com.google.firebase:firebase-database:21.0.0] AndroidManifest.xml:33:17-109
179                android:value="com.google.firebase.components.ComponentRegistrar" />
179-->[com.google.firebase:firebase-database:21.0.0] AndroidManifest.xml:34:17-82
180            <meta-data
180-->[com.google.firebase:firebase-storage:22.0.0] AndroidManifest.xml:30:13-32:85
181                android:name="com.google.firebase.components:com.google.firebase.storage.FirebaseStorageKtxRegistrar"
181-->[com.google.firebase:firebase-storage:22.0.0] AndroidManifest.xml:31:17-118
182                android:value="com.google.firebase.components.ComponentRegistrar" />
182-->[com.google.firebase:firebase-storage:22.0.0] AndroidManifest.xml:32:17-82
183            <meta-data
183-->[com.google.firebase:firebase-storage:22.0.0] AndroidManifest.xml:33:13-35:85
184                android:name="com.google.firebase.components:com.google.firebase.storage.StorageRegistrar"
184-->[com.google.firebase:firebase-storage:22.0.0] AndroidManifest.xml:34:17-107
185                android:value="com.google.firebase.components.ComponentRegistrar" />
185-->[com.google.firebase:firebase-storage:22.0.0] AndroidManifest.xml:35:17-82
186            <meta-data
186-->[com.google.android.gms:play-services-measurement-api:23.0.0] AndroidManifest.xml:33:13-35:85
187                android:name="com.google.firebase.components:com.google.firebase.analytics.connector.internal.AnalyticsConnectorRegistrar"
187-->[com.google.android.gms:play-services-measurement-api:23.0.0] AndroidManifest.xml:34:17-139
188                android:value="com.google.firebase.components.ComponentRegistrar" />
188-->[com.google.android.gms:play-services-measurement-api:23.0.0] AndroidManifest.xml:35:17-82
189            <meta-data
189-->[com.google.firebase:firebase-installations:18.0.0] AndroidManifest.xml:15:13-17:85
190                android:name="com.google.firebase.components:com.google.firebase.installations.FirebaseInstallationsKtxRegistrar"
190-->[com.google.firebase:firebase-installations:18.0.0] AndroidManifest.xml:16:17-130
191                android:value="com.google.firebase.components.ComponentRegistrar" />
191-->[com.google.firebase:firebase-installations:18.0.0] AndroidManifest.xml:17:17-82
192            <meta-data
192-->[com.google.firebase:firebase-installations:18.0.0] AndroidManifest.xml:18:13-20:85
193                android:name="com.google.firebase.components:com.google.firebase.installations.FirebaseInstallationsRegistrar"
193-->[com.google.firebase:firebase-installations:18.0.0] AndroidManifest.xml:19:17-127
194                android:value="com.google.firebase.components.ComponentRegistrar" />
194-->[com.google.firebase:firebase-installations:18.0.0] AndroidManifest.xml:20:17-82
195            <meta-data
195-->[com.google.firebase:firebase-common-ktx:21.0.0] AndroidManifest.xml:12:13-14:85
196                android:name="com.google.firebase.components:com.google.firebase.ktx.FirebaseCommonLegacyRegistrar"
196-->[com.google.firebase:firebase-common-ktx:21.0.0] AndroidManifest.xml:13:17-116
197                android:value="com.google.firebase.components.ComponentRegistrar" />
197-->[com.google.firebase:firebase-common-ktx:21.0.0] AndroidManifest.xml:14:17-82
198            <meta-data
198-->[com.google.firebase:firebase-common:22.0.1] AndroidManifest.xml:35:13-37:85
199                android:name="com.google.firebase.components:com.google.firebase.FirebaseCommonKtxRegistrar"
199-->[com.google.firebase:firebase-common:22.0.1] AndroidManifest.xml:36:17-109
200                android:value="com.google.firebase.components.ComponentRegistrar" />
200-->[com.google.firebase:firebase-common:22.0.1] AndroidManifest.xml:37:17-82
201            <meta-data
201-->[com.google.firebase:firebase-appcheck:18.0.0] AndroidManifest.xml:25:13-27:85
202                android:name="com.google.firebase.components:com.google.firebase.appcheck.FirebaseAppCheckKtxRegistrar"
202-->[com.google.firebase:firebase-appcheck:18.0.0] AndroidManifest.xml:26:17-120
203                android:value="com.google.firebase.components.ComponentRegistrar" />
203-->[com.google.firebase:firebase-appcheck:18.0.0] AndroidManifest.xml:27:17-82
204            <meta-data
204-->[com.google.firebase:firebase-appcheck:18.0.0] AndroidManifest.xml:28:13-30:85
205                android:name="com.google.firebase.components:com.google.firebase.appcheck.FirebaseAppCheckRegistrar"
205-->[com.google.firebase:firebase-appcheck:18.0.0] AndroidManifest.xml:29:17-117
206                android:value="com.google.firebase.components.ComponentRegistrar" />
206-->[com.google.firebase:firebase-appcheck:18.0.0] AndroidManifest.xml:30:17-82
207            <meta-data
207-->[com.google.firebase:firebase-datatransport:18.2.0] AndroidManifest.xml:25:13-27:85
208                android:name="com.google.firebase.components:com.google.firebase.datatransport.TransportRegistrar"
208-->[com.google.firebase:firebase-datatransport:18.2.0] AndroidManifest.xml:26:17-115
209                android:value="com.google.firebase.components.ComponentRegistrar" />
209-->[com.google.firebase:firebase-datatransport:18.2.0] AndroidManifest.xml:27:17-82
210        </service>
211
212        <activity
212-->[com.google.firebase:firebase-auth:23.2.1] AndroidManifest.xml:29:9-46:20
213            android:name="com.google.firebase.auth.internal.GenericIdpActivity"
213-->[com.google.firebase:firebase-auth:23.2.1] AndroidManifest.xml:30:13-80
214            android:excludeFromRecents="true"
214-->[com.google.firebase:firebase-auth:23.2.1] AndroidManifest.xml:31:13-46
215            android:exported="true"
215-->[com.google.firebase:firebase-auth:23.2.1] AndroidManifest.xml:32:13-36
216            android:launchMode="singleTask"
216-->[com.google.firebase:firebase-auth:23.2.1] AndroidManifest.xml:33:13-44
217            android:theme="@android:style/Theme.Translucent.NoTitleBar" >
217-->[com.google.firebase:firebase-auth:23.2.1] AndroidManifest.xml:34:13-72
218            <intent-filter>
218-->[com.google.firebase:firebase-auth:23.2.1] AndroidManifest.xml:35:13-45:29
219                <action android:name="android.intent.action.VIEW" />
219-->[com.google.firebase:firebase-auth:23.2.1] AndroidManifest.xml:36:17-69
219-->[com.google.firebase:firebase-auth:23.2.1] AndroidManifest.xml:36:25-66
220
221                <category android:name="android.intent.category.DEFAULT" />
221-->[com.google.firebase:firebase-auth:23.2.1] AndroidManifest.xml:38:17-76
221-->[com.google.firebase:firebase-auth:23.2.1] AndroidManifest.xml:38:27-73
222                <category android:name="android.intent.category.BROWSABLE" />
222-->[com.google.firebase:firebase-auth:23.2.1] AndroidManifest.xml:39:17-78
222-->[com.google.firebase:firebase-auth:23.2.1] AndroidManifest.xml:39:27-75
223
224                <data
224-->[com.google.firebase:firebase-auth:23.2.1] AndroidManifest.xml:41:17-44:51
225                    android:host="firebase.auth"
225-->[com.google.firebase:firebase-auth:23.2.1] AndroidManifest.xml:42:21-49
226                    android:path="/"
226-->[com.google.firebase:firebase-auth:23.2.1] AndroidManifest.xml:43:21-37
227                    android:scheme="genericidp" />
227-->[com.google.firebase:firebase-auth:23.2.1] AndroidManifest.xml:44:21-48
228            </intent-filter>
229        </activity>
230        <activity
230-->[com.google.firebase:firebase-auth:23.2.1] AndroidManifest.xml:47:9-64:20
231            android:name="com.google.firebase.auth.internal.RecaptchaActivity"
231-->[com.google.firebase:firebase-auth:23.2.1] AndroidManifest.xml:48:13-79
232            android:excludeFromRecents="true"
232-->[com.google.firebase:firebase-auth:23.2.1] AndroidManifest.xml:49:13-46
233            android:exported="true"
233-->[com.google.firebase:firebase-auth:23.2.1] AndroidManifest.xml:50:13-36
234            android:launchMode="singleTask"
234-->[com.google.firebase:firebase-auth:23.2.1] AndroidManifest.xml:51:13-44
235            android:theme="@android:style/Theme.Translucent.NoTitleBar" >
235-->[com.google.firebase:firebase-auth:23.2.1] AndroidManifest.xml:52:13-72
236            <intent-filter>
236-->[com.google.firebase:firebase-auth:23.2.1] AndroidManifest.xml:53:13-63:29
237                <action android:name="android.intent.action.VIEW" />
237-->[com.google.firebase:firebase-auth:23.2.1] AndroidManifest.xml:36:17-69
237-->[com.google.firebase:firebase-auth:23.2.1] AndroidManifest.xml:36:25-66
238
239                <category android:name="android.intent.category.DEFAULT" />
239-->[com.google.firebase:firebase-auth:23.2.1] AndroidManifest.xml:38:17-76
239-->[com.google.firebase:firebase-auth:23.2.1] AndroidManifest.xml:38:27-73
240                <category android:name="android.intent.category.BROWSABLE" />
240-->[com.google.firebase:firebase-auth:23.2.1] AndroidManifest.xml:39:17-78
240-->[com.google.firebase:firebase-auth:23.2.1] AndroidManifest.xml:39:27-75
241
242                <data
242-->[com.google.firebase:firebase-auth:23.2.1] AndroidManifest.xml:41:17-44:51
243                    android:host="firebase.auth"
243-->[com.google.firebase:firebase-auth:23.2.1] AndroidManifest.xml:42:21-49
244                    android:path="/"
244-->[com.google.firebase:firebase-auth:23.2.1] AndroidManifest.xml:43:21-37
245                    android:scheme="recaptcha" />
245-->[com.google.firebase:firebase-auth:23.2.1] AndroidManifest.xml:44:21-48
246            </intent-filter>
247        </activity>
248
249        <service
249-->[androidx.credentials:credentials-play-services-auth:1.5.0] AndroidManifest.xml:24:9-32:19
250            android:name="androidx.credentials.playservices.CredentialProviderMetadataHolder"
250-->[androidx.credentials:credentials-play-services-auth:1.5.0] AndroidManifest.xml:25:13-94
251            android:enabled="true"
251-->[androidx.credentials:credentials-play-services-auth:1.5.0] AndroidManifest.xml:26:13-35
252            android:exported="false" >
252-->[androidx.credentials:credentials-play-services-auth:1.5.0] AndroidManifest.xml:27:13-37
253            <meta-data
253-->[androidx.credentials:credentials-play-services-auth:1.5.0] AndroidManifest.xml:29:13-31:104
254                android:name="androidx.credentials.CREDENTIAL_PROVIDER_KEY"
254-->[androidx.credentials:credentials-play-services-auth:1.5.0] AndroidManifest.xml:30:17-76
255                android:value="androidx.credentials.playservices.CredentialProviderPlayServicesImpl" />
255-->[androidx.credentials:credentials-play-services-auth:1.5.0] AndroidManifest.xml:31:17-101
256        </service>
257
258        <activity
258-->[androidx.credentials:credentials-play-services-auth:1.5.0] AndroidManifest.xml:34:9-41:20
259            android:name="androidx.credentials.playservices.HiddenActivity"
259-->[androidx.credentials:credentials-play-services-auth:1.5.0] AndroidManifest.xml:35:13-76
260            android:configChanges="orientation|screenSize|screenLayout|keyboardHidden"
260-->[androidx.credentials:credentials-play-services-auth:1.5.0] AndroidManifest.xml:36:13-87
261            android:enabled="true"
261-->[androidx.credentials:credentials-play-services-auth:1.5.0] AndroidManifest.xml:37:13-35
262            android:exported="false"
262-->[androidx.credentials:credentials-play-services-auth:1.5.0] AndroidManifest.xml:38:13-37
263            android:fitsSystemWindows="true"
263-->[androidx.credentials:credentials-play-services-auth:1.5.0] AndroidManifest.xml:39:13-45
264            android:theme="@style/Theme.Hidden" >
264-->[androidx.credentials:credentials-play-services-auth:1.5.0] AndroidManifest.xml:40:13-48
265        </activity>
266        <activity
266-->[androidx.credentials:credentials-play-services-auth:1.5.0] AndroidManifest.xml:42:9-49:20
267            android:name="androidx.credentials.playservices.IdentityCredentialApiHiddenActivity"